Initialized native services in: /Users/artinnouri/.gradle/native
Initialized jansi services in: /Users/artinnouri/.gradle/native
To honour the JVM settings for this build a single-use Daemon process will be forked. For more on this, please refer to https://docs.gradle.org/8.14.3/userguide/gradle_daemon.html#sec:disabling_the_daemon in the Gradle documentation.
Starting process 'Gradle build daemon'. Working directory: /Users/artinnouri/.gradle/daemon/8.14.3 Command: /Library/Java/JavaVirtualMachines/temurin-21.jdk/Contents/Home/bin/java --add-opens=java.base/java.lang=ALL-UNNAMED --add-opens=java.base/java.lang.invoke=ALL-UNNAMED --add-opens=java.base/java.util=ALL-UNNAMED --add-opens=java.prefs/java.util.prefs=ALL-UNNAMED --add-exports=jdk.compiler/com.sun.tools.javac.api=ALL-UNNAMED --add-exports=jdk.compiler/com.sun.tools.javac.util=ALL-UNNAMED --add-opens=java.base/java.util=ALL-UNNAMED --add-opens=java.prefs/java.util.prefs=ALL-UNNAMED --add-opens=java.base/java.nio.charset=ALL-UNNAMED --add-opens=java.base/java.net=ALL-UNNAMED --add-opens=java.base/java.util.concurrent.atomic=ALL-UNNAMED --add-opens=java.xml/javax.xml.namespace=ALL-UNNAMED -XX:MaxMetaspaceSize=384m -XX:+HeapDumpOnOutOfMemoryError -Xms256m -Xmx512m -Dfile.encoding=UTF-8 -Duser.country=DE -Duser.language=de -Duser.variant -cp /Users/artinnouri/.gradle/wrapper/dists/gradle-8.14.3-bin/cv11ve7ro1n3o1j4so8xd9n66/gradle-8.14.3/lib/gradle-daemon-main-8.14.3.jar -javaagent:/Users/artinnouri/.gradle/wrapper/dists/gradle-8.14.3-bin/cv11ve7ro1n3o1j4so8xd9n66/gradle-8.14.3/lib/agents/gradle-instrumentation-agent-8.14.3.jar org.gradle.launcher.daemon.bootstrap.GradleDaemon 8.14.3
Successfully started process 'Gradle build daemon'
An attempt to start the daemon took 0.64 secs.
The client will now receive all logging from the daemon (pid: 11536). The daemon log file: /Users/artinnouri/.gradle/daemon/8.14.3/daemon-11536.out.log
Daemon will be stopped at the end of the build 
Using 8 worker leases.
Received JVM installation metadata from '/Library/Java/JavaVirtualMachines/temurin-21.jdk/Contents/Home': {JAVA_HOME=/Library/Java/JavaVirtualMachines/temurin-21.jdk/Contents/Home, JAVA_VERSION=21.0.2, JAVA_VENDOR=Eclipse Adoptium, RUNTIME_NAME=OpenJDK Runtime Environment, RUNTIME_VERSION=21.0.2+13-LTS, VM_NAME=OpenJDK 64-Bit Server VM, VM_VERSION=21.0.2+13-LTS, VM_VENDOR=Eclipse Adoptium, OS_ARCH=aarch64}
Watching the file system is configured to be enabled if available
Now considering [/Users/artinnouri/IdeaProjects/circular/circular-backend] as hierarchies to watch
File system watching is active
Starting Build
Settings evaluated using settings file '/Users/artinnouri/IdeaProjects/circular/circular-backend/settings.gradle'.
Projects loaded. Root project using build file '/Users/artinnouri/IdeaProjects/circular/circular-backend/build.gradle'.
Included projects: [root project 'Circular']

> Configure project :
Evaluating root project 'Circular' using build file '/Users/artinnouri/IdeaProjects/circular/circular-backend/build.gradle'.
Caching disabled for Groovy DSL script compilation (cp_proj) because:
  Build cache is disabled
  Not worth caching.
Compiling build file '/Users/artinnouri/IdeaProjects/circular/circular-backend/build.gradle' using SubsetScriptTransformer.
Resolved plugin [id: 'java']
Resolved plugin [id: 'org.springframework.boot', version: '3.5.7']
Resolved plugin [id: 'io.spring.dependency-management', version: '1.1.7']
Applying dependency management to configuration 'annotationProcessor' in project 'Circular'
Applying dependency management to configuration 'apiElements' in project 'Circular'
Applying dependency management to configuration 'archives' in project 'Circular'
Applying dependency management to configuration 'bootArchives' in project 'Circular'
Applying dependency management to configuration 'compileClasspath' in project 'Circular'
Applying dependency management to configuration 'compileOnly' in project 'Circular'
Applying dependency management to configuration 'default' in project 'Circular'
Applying dependency management to configuration 'developmentOnly' in project 'Circular'
Applying dependency management to configuration 'implementation' in project 'Circular'
Applying dependency management to configuration 'mainSourceElements' in project 'Circular'
Applying dependency management to configuration 'productionRuntimeClasspath' in project 'Circular'
Applying dependency management to configuration 'runtimeClasspath' in project 'Circular'
Applying dependency management to configuration 'runtimeElements' in project 'Circular'
Applying dependency management to configuration 'runtimeOnly' in project 'Circular'
Applying dependency management to configuration 'testAndDevelopmentOnly' in project 'Circular'
Applying dependency management to configuration 'testAnnotationProcessor' in project 'Circular'
Applying dependency management to configuration 'testCompileClasspath' in project 'Circular'
Applying dependency management to configuration 'testCompileOnly' in project 'Circular'
Applying dependency management to configuration 'testImplementation' in project 'Circular'
Applying dependency management to configuration 'testResultsElementsForTest' in project 'Circular'
Applying dependency management to configuration 'testRuntimeClasspath' in project 'Circular'
Applying dependency management to configuration 'testRuntimeOnly' in project 'Circular'
Caching disabled for Groovy DSL script compilation (proj) because:
  Build cache is disabled
  Not worth caching.
Compiling build file '/Users/artinnouri/IdeaProjects/circular/circular-backend/build.gradle' using BuildScriptTransformer.
All projects evaluated.
Task name matched 'clean'
Task name matched 'build'
Selected primary task 'clean' from project :
Selected primary task 'build' from project :
Resolving global dependency management for project 'Circular'
Downloading https://repo.maven.apache.org/maven2/org/springdoc/springdoc-openapi-starter-webmvc-ui/2.1.0/springdoc-openapi-starter-webmvc-ui-2.1.0.pom to /Users/artinnouri/.gradle/.tmp/gradle_download166966714120789801bin
Downloading https://repo.maven.apache.org/maven2/org/springdoc/springdoc-openapi/2.1.0/springdoc-openapi-2.1.0.pom to /Users/artinnouri/.gradle/.tmp/gradle_download18077774483292995090bin
Downloading https://repo.maven.apache.org/maven2/org/springframework/boot/spring-boot-starter-parent/3.0.5/spring-boot-starter-parent-3.0.5.pom to /Users/artinnouri/.gradle/.tmp/gradle_download14471935655393887451bin
Downloading https://repo.maven.apache.org/maven2/org/springframework/boot/spring-boot-dependencies/3.0.5/spring-boot-dependencies-3.0.5.pom to /Users/artinnouri/.gradle/.tmp/gradle_download1806576060005072826bin
Downloading https://repo.maven.apache.org/maven2/io/zipkin/brave/brave-bom/5.14.1/brave-bom-5.14.1.pom to /Users/artinnouri/.gradle/.tmp/gradle_download18219815973376247725bin
Downloading https://repo.maven.apache.org/maven2/io/zipkin/reporter2/zipkin-reporter-bom/2.16.3/zipkin-reporter-bom-2.16.3.pom to /Users/artinnouri/.gradle/.tmp/gradle_download4237873300760141179bin
Downloading https://repo.maven.apache.org/maven2/com/datastax/oss/java-driver-bom/4.15.0/java-driver-bom-4.15.0.pom to /Users/artinnouri/.gradle/.tmp/gradle_download7329373229737353776bin
Downloading https://repo.maven.apache.org/maven2/io/dropwizard/metrics/metrics-bom/4.2.18/metrics-bom-4.2.18.pom to /Users/artinnouri/.gradle/.tmp/gradle_download244248539972982473bin
Downloading https://repo.maven.apache.org/maven2/io/dropwizard/metrics/metrics-parent/4.2.18/metrics-parent-4.2.18.pom to /Users/artinnouri/.gradle/.tmp/gradle_download8531778135239601438bin
Downloading https://repo.maven.apache.org/maven2/org/glassfish/jaxb/jaxb-bom/4.0.2/jaxb-bom-4.0.2.pom to /Users/artinnouri/.gradle/.tmp/gradle_download12605524710948605681bin
Downloading https://repo.maven.apache.org/maven2/org/eclipse/ee4j/project/1.0.8/project-1.0.8.pom to /Users/artinnouri/.gradle/.tmp/gradle_download13111747081570774307bin
Downloading https://repo.maven.apache.org/maven2/org/apache/groovy/groovy-bom/4.0.10/groovy-bom-4.0.10.pom to /Users/artinnouri/.gradle/.tmp/gradle_download10359653721302983552bin
Downloading https://repo.maven.apache.org/maven2/org/apache/groovy/groovy-bom/4.0.10/groovy-bom-4.0.10.module to /Users/artinnouri/.gradle/.tmp/gradle_download6420667746451079144bin
Downloading https://repo.maven.apache.org/maven2/org/infinispan/infinispan-bom/14.0.7.Final/infinispan-bom-14.0.7.Final.pom to /Users/artinnouri/.gradle/.tmp/gradle_download11340226711447461711bin
Downloading https://repo.maven.apache.org/maven2/org/infinispan/infinispan-build-configuration-parent/14.0.7.Final/infinispan-build-configuration-parent-14.0.7.Final.pom to /Users/artinnouri/.gradle/.tmp/gradle_download3257725172061386628bin
Downloading https://repo.maven.apache.org/maven2/org/jboss/jboss-parent/39/jboss-parent-39.pom to /Users/artinnouri/.gradle/.tmp/gradle_download13788009915369701444bin
Downloading https://repo.maven.apache.org/maven2/com/fasterxml/jackson/jackson-bom/2.14.2/jackson-bom-2.14.2.pom to /Users/artinnouri/.gradle/.tmp/gradle_download1742127851005831918bin
Downloading https://repo.maven.apache.org/maven2/com/fasterxml/jackson/jackson-parent/2.14/jackson-parent-2.14.pom to /Users/artinnouri/.gradle/.tmp/gradle_download3918284716033252083bin
Downloading https://repo.maven.apache.org/maven2/com/fasterxml/oss-parent/48/oss-parent-48.pom to /Users/artinnouri/.gradle/.tmp/gradle_download11264002356523521461bin
Downloading https://repo.maven.apache.org/maven2/org/glassfish/jersey/jersey-bom/3.1.1/jersey-bom-3.1.1.pom to /Users/artinnouri/.gradle/.tmp/gradle_download2023022973273757243bin
Downloading https://repo.maven.apache.org/maven2/org/eclipse/jetty/jetty-bom/11.0.14/jetty-bom-11.0.14.pom to /Users/artinnouri/.gradle/.tmp/gradle_download7163034413611937808bin
Downloading https://repo.maven.apache.org/maven2/org/junit/junit-bom/5.9.2/junit-bom-5.9.2.pom to /Users/artinnouri/.gradle/.tmp/gradle_download8336778548749052086bin
Downloading https://repo.maven.apache.org/maven2/org/junit/junit-bom/5.9.2/junit-bom-5.9.2.module to /Users/artinnouri/.gradle/.tmp/gradle_download7338207974428036864bin
Downloading https://repo.maven.apache.org/maven2/org/jetbrains/kotlin/kotlin-bom/1.7.22/kotlin-bom-1.7.22.pom to /Users/artinnouri/.gradle/.tmp/gradle_download17529712664719128006bin
Downloading https://repo.maven.apache.org/maven2/org/jetbrains/kotlinx/kotlinx-coroutines-bom/1.6.4/kotlinx-coroutines-bom-1.6.4.pom to /Users/artinnouri/.gradle/.tmp/gradle_download4310503025297567586bin
Downloading https://repo.maven.apache.org/maven2/org/apache/logging/log4j/log4j-bom/2.19.0/log4j-bom-2.19.0.pom to /Users/artinnouri/.gradle/.tmp/gradle_download14209677982574532953bin
Downloading https://repo.maven.apache.org/maven2/org/apache/logging/logging-parent/5/logging-parent-5.pom to /Users/artinnouri/.gradle/.tmp/gradle_download9784168895157179519bin
Downloading https://repo.maven.apache.org/maven2/org/apache/apache/24/apache-24.pom to /Users/artinnouri/.gradle/.tmp/gradle_download3577475058450002690bin
Downloading https://repo.maven.apache.org/maven2/io/micrometer/micrometer-bom/1.10.5/micrometer-bom-1.10.5.pom to /Users/artinnouri/.gradle/.tmp/gradle_download8766563627414093220bin
Downloading https://repo.maven.apache.org/maven2/io/micrometer/micrometer-tracing-bom/1.0.3/micrometer-tracing-bom-1.0.3.pom to /Users/artinnouri/.gradle/.tmp/gradle_download2927692250925772447bin
Downloading https://repo.maven.apache.org/maven2/org/mockito/mockito-bom/4.8.1/mockito-bom-4.8.1.pom to /Users/artinnouri/.gradle/.tmp/gradle_download13483086613323168127bin
Downloading https://repo.maven.apache.org/maven2/io/netty/netty-bom/4.1.90.Final/netty-bom-4.1.90.Final.pom to /Users/artinnouri/.gradle/.tmp/gradle_download18021177837200654654bin
Downloading https://repo.maven.apache.org/maven2/com/squareup/okhttp3/okhttp-bom/4.10.0/okhttp-bom-4.10.0.pom to /Users/artinnouri/.gradle/.tmp/gradle_download1019965292223797087bin
Downloading https://repo.maven.apache.org/maven2/com/squareup/okhttp3/okhttp-bom/4.10.0/okhttp-bom-4.10.0.module to /Users/artinnouri/.gradle/.tmp/gradle_download17101021044364045062bin
Downloading https://repo.maven.apache.org/maven2/io/opentelemetry/opentelemetry-bom/1.19.0/opentelemetry-bom-1.19.0.pom to /Users/artinnouri/.gradle/.tmp/gradle_download16739555764975870040bin
Downloading https://repo.maven.apache.org/maven2/io/opentelemetry/opentelemetry-bom/1.19.0/opentelemetry-bom-1.19.0.module to /Users/artinnouri/.gradle/.tmp/gradle_download3118504330430417358bin
Downloading https://repo.maven.apache.org/maven2/com/oracle/database/jdbc/ojdbc-bom/21.7.0.0/ojdbc-bom-21.7.0.0.pom to /Users/artinnouri/.gradle/.tmp/gradle_download17734793240986543196bin
Downloading https://repo.maven.apache.org/maven2/com/querydsl/querydsl-bom/5.0.0/querydsl-bom-5.0.0.pom to /Users/artinnouri/.gradle/.tmp/gradle_download12438644101842583756bin
Downloading https://repo.maven.apache.org/maven2/io/projectreactor/reactor-bom/2022.0.5/reactor-bom-2022.0.5.pom to /Users/artinnouri/.gradle/.tmp/gradle_download3913875370896285453bin
Downloading https://repo.maven.apache.org/maven2/io/projectreactor/reactor-bom/2022.0.5/reactor-bom-2022.0.5.module to /Users/artinnouri/.gradle/.tmp/gradle_download3912352449235795394bin
Downloading https://repo.maven.apache.org/maven2/io/rest-assured/rest-assured-bom/5.2.1/rest-assured-bom-5.2.1.pom to /Users/artinnouri/.gradle/.tmp/gradle_download6421203210540295782bin
Downloading https://repo.maven.apache.org/maven2/io/rsocket/rsocket-bom/1.1.3/rsocket-bom-1.1.3.pom to /Users/artinnouri/.gradle/.tmp/gradle_download13801525116344984573bin
Downloading https://repo.maven.apache.org/maven2/org/springframework/batch/spring-batch-bom/5.0.1/spring-batch-bom-5.0.1.pom to /Users/artinnouri/.gradle/.tmp/gradle_download7208403904199938716bin
Downloading https://repo.maven.apache.org/maven2/org/springframework/data/spring-data-bom/2022.0.4/spring-data-bom-2022.0.4.pom to /Users/artinnouri/.gradle/.tmp/gradle_download7809569112878282448bin
Downloading https://repo.maven.apache.org/maven2/org/springframework/spring-framework-bom/6.0.7/spring-framework-bom-6.0.7.pom to /Users/artinnouri/.gradle/.tmp/gradle_download11618543977274749909bin
Downloading https://repo.maven.apache.org/maven2/org/springframework/spring-framework-bom/6.0.7/spring-framework-bom-6.0.7.module to /Users/artinnouri/.gradle/.tmp/gradle_download2159098346752640366bin
Downloading https://repo.maven.apache.org/maven2/org/springframework/integration/spring-integration-bom/6.0.4/spring-integration-bom-6.0.4.pom to /Users/artinnouri/.gradle/.tmp/gradle_download5323860218538110317bin
Downloading https://repo.maven.apache.org/maven2/org/springframework/restdocs/spring-restdocs-bom/3.0.0/spring-restdocs-bom-3.0.0.pom to /Users/artinnouri/.gradle/.tmp/gradle_download15056811861034153216bin
Downloading https://repo.maven.apache.org/maven2/org/springframework/security/spring-security-bom/6.0.2/spring-security-bom-6.0.2.pom to /Users/artinnouri/.gradle/.tmp/gradle_download36577180758883205bin
Downloading https://repo.maven.apache.org/maven2/org/springframework/security/spring-security-bom/6.0.2/spring-security-bom-6.0.2.module to /Users/artinnouri/.gradle/.tmp/gradle_download10859218536972805047bin
Downloading https://repo.maven.apache.org/maven2/org/springframework/session/spring-session-bom/3.0.1/spring-session-bom-3.0.1.pom to /Users/artinnouri/.gradle/.tmp/gradle_download12248276677808040897bin
Downloading https://repo.maven.apache.org/maven2/org/springframework/session/spring-session-bom/3.0.1/spring-session-bom-3.0.1.module to /Users/artinnouri/.gradle/.tmp/gradle_download11549424689827481183bin
Downloading https://repo.maven.apache.org/maven2/org/springframework/ws/spring-ws-bom/4.0.2/spring-ws-bom-4.0.2.pom to /Users/artinnouri/.gradle/.tmp/gradle_download5464423722713037083bin
Downloading https://repo.maven.apache.org/maven2/org/webjars/swagger-ui/4.18.2/swagger-ui-4.18.2.pom to /Users/artinnouri/.gradle/.tmp/gradle_download13188255421005871121bin
Downloading https://repo.maven.apache.org/maven2/org/springdoc/springdoc-openapi-starter-webmvc-api/2.1.0/springdoc-openapi-starter-webmvc-api-2.1.0.pom to /Users/artinnouri/.gradle/.tmp/gradle_download18262372658566395203bin
Downloading https://repo.maven.apache.org/maven2/org/springdoc/springdoc-openapi-starter-common/2.1.0/springdoc-openapi-starter-common-2.1.0.pom to /Users/artinnouri/.gradle/.tmp/gradle_download16226903086988627799bin
Downloading https://repo.maven.apache.org/maven2/io/swagger/core/v3/swagger-core-jakarta/2.2.9/swagger-core-jakarta-2.2.9.pom to /Users/artinnouri/.gradle/.tmp/gradle_download8259176255271648350bin
Downloading https://repo.maven.apache.org/maven2/io/swagger/core/v3/swagger-project-jakarta/2.2.9/swagger-project-jakarta-2.2.9.pom to /Users/artinnouri/.gradle/.tmp/gradle_download10567639903013533444bin
Downloading https://repo.maven.apache.org/maven2/io/swagger/core/v3/swagger-models-jakarta/2.2.9/swagger-models-jakarta-2.2.9.pom to /Users/artinnouri/.gradle/.tmp/gradle_download1756467765569270845bin
Downloading https://repo.maven.apache.org/maven2/io/swagger/core/v3/swagger-annotations-jakarta/2.2.9/swagger-annotations-jakarta-2.2.9.pom to /Users/artinnouri/.gradle/.tmp/gradle_download9159912613498020012bin
Downloading https://repo.maven.apache.org/maven2/jakarta/validation/jakarta.validation-api/3.0.2/jakarta.validation-api-3.0.2.pom to /Users/artinnouri/.gradle/.tmp/gradle_download15341937658308246497bin
Downloading https://repo.maven.apache.org/maven2/org/apache/commons/commons-lang3/3.17.0/commons-lang3-3.17.0.pom to /Users/artinnouri/.gradle/.tmp/gradle_download10464536292576902977bin
Downloading https://repo.maven.apache.org/maven2/org/apache/commons/commons-parent/73/commons-parent-73.pom to /Users/artinnouri/.gradle/.tmp/gradle_download4227025324925739792bin
Downloading https://repo.maven.apache.org/maven2/com/fasterxml/jackson/dataformat/jackson-dataformat-yaml/2.19.2/jackson-dataformat-yaml-2.19.2.pom to /Users/artinnouri/.gradle/.tmp/gradle_download3457626587731281919bin
Downloading https://repo.maven.apache.org/maven2/com/fasterxml/jackson/dataformat/jackson-dataformat-yaml/2.19.2/jackson-dataformat-yaml-2.19.2.module to /Users/artinnouri/.gradle/.tmp/gradle_download10711708434054011561bin
Excluding []
Excluding []
Excluding []
Starting process 'command '/usr/libexec/java_home''. Working directory: /Users/artinnouri/.gradle/daemon/8.14.3 Command: /usr/libexec/java_home -V
Successfully started process 'command '/usr/libexec/java_home''
Starting process 'command '/Library/Internet Plug-Ins/JavaAppletPlugin.plugin/Contents/Home/bin/java''. Working directory: /Users/artinnouri/.gradle/.tmp/tmp-jvm14411122235631011732probe Command: /Library/Internet Plug-Ins/JavaAppletPlugin.plugin/Contents/Home/bin/java -Xmx32m -Xms32m -cp . JavaProbe
Successfully started process 'command '/Library/Internet Plug-Ins/JavaAppletPlugin.plugin/Contents/Home/bin/java''
Received JVM installation metadata from '/Library/Internet Plug-Ins/JavaAppletPlugin.plugin/Contents/Home': {JAVA_HOME=/Library/Internet Plug-Ins/JavaAppletPlugin.plugin/Contents/Home, JAVA_VERSION=1.8.0_401, JAVA_VENDOR=Oracle Corporation, RUNTIME_NAME=Java(TM) SE Runtime Environment, RUNTIME_VERSION=1.8.0_401-b10, VM_NAME=Java HotSpot(TM) 64-Bit Server VM, VM_VERSION=25.401-b10, VM_VENDOR=Oracle Corporation, OS_ARCH=aarch64}
Starting process 'command '/Library/Java/JavaVirtualMachines/jdk-17.0.12.jdk/Contents/Home/bin/java''. Working directory: /Users/artinnouri/.gradle/.tmp/tmp-jvm8946077615829678721probe Command: /Library/Java/JavaVirtualMachines/jdk-17.0.12.jdk/Contents/Home/bin/java -Xmx32m -Xms32m -cp . JavaProbe
Successfully started process 'command '/Library/Java/JavaVirtualMachines/jdk-17.0.12.jdk/Contents/Home/bin/java''
Received JVM installation metadata from '/Library/Java/JavaVirtualMachines/jdk-17.0.12.jdk/Contents/Home': {JAVA_HOME=/Library/Java/JavaVirtualMachines/jdk-17.0.12.jdk/Contents/Home, JAVA_VERSION=17.0.12, JAVA_VENDOR=Oracle Corporation, RUNTIME_NAME=Java(TM) SE Runtime Environment, RUNTIME_VERSION=17.0.12+8-LTS-286, VM_NAME=Java HotSpot(TM) 64-Bit Server VM, VM_VERSION=17.0.12+8-LTS-286, VM_VENDOR=Oracle Corporation, OS_ARCH=x86_64}
Excluding []
Excluding []
Excluding []
Excluding []
Excluding []
Tasks to be executed: [task ':clean', task ':compileJava', task ':processResources', task ':classes', task ':resolveMainClassName', task ':bootJar', task ':jar', task ':assemble', task ':compileTestJava', task ':processTestResources', task ':testClasses', task ':test', task ':check', task ':build']
Tasks that were excluded: []
Resolve mutations for :clean (Thread[#152,Execution worker,5,main]) started.
:clean (Thread[#152,Execution worker,5,main]) started.
destroyer locations for task group 0 (Thread[#151,included builds,5,main]) started.

> Task :clean
Caching disabled for task ':clean' because:
  Build cache is disabled
Task ':clean' is not up-to-date because:
  Task has not declared any outputs despite executing actions.
Resolve mutations for :compileJava (Thread[#152,Execution worker,5,main]) started.
:compileJava (Thread[#152,Execution worker,5,main]) started.

> Task :compileJava
Downloading https://repo.maven.apache.org/maven2/org/springdoc/springdoc-openapi-starter-common/2.1.0/springdoc-openapi-starter-common-2.1.0.jar to /Users/artinnouri/.gradle/.tmp/gradle_download8938077674127657893bin
Downloading https://repo.maven.apache.org/maven2/com/fasterxml/jackson/dataformat/jackson-dataformat-yaml/2.19.2/jackson-dataformat-yaml-2.19.2.jar to /Users/artinnouri/.gradle/.tmp/gradle_download4024502679598346382bin
Downloading https://repo.maven.apache.org/maven2/io/swagger/core/v3/swagger-models-jakarta/2.2.9/swagger-models-jakarta-2.2.9.jar to /Users/artinnouri/.gradle/.tmp/gradle_download17874792778475467521bin
Downloading https://repo.maven.apache.org/maven2/org/springdoc/springdoc-openapi-starter-webmvc-api/2.1.0/springdoc-openapi-starter-webmvc-api-2.1.0.jar to /Users/artinnouri/.gradle/.tmp/gradle_download11021331699728384187bin
Downloading https://repo.maven.apache.org/maven2/io/swagger/core/v3/swagger-annotations-jakarta/2.2.9/swagger-annotations-jakarta-2.2.9.jar to /Users/artinnouri/.gradle/.tmp/gradle_download10145139147511411770bin
Downloading https://repo.maven.apache.org/maven2/org/webjars/swagger-ui/4.18.2/swagger-ui-4.18.2.jar to /Users/artinnouri/.gradle/.tmp/gradle_download8777536151435483580bin
Downloading https://repo.maven.apache.org/maven2/org/apache/commons/commons-lang3/3.17.0/commons-lang3-3.17.0.jar to /Users/artinnouri/.gradle/.tmp/gradle_download4705682496303370234bin
Downloading https://repo.maven.apache.org/maven2/jakarta/validation/jakarta.validation-api/3.0.2/jakarta.validation-api-3.0.2.jar to /Users/artinnouri/.gradle/.tmp/gradle_download12578753986640468262bin
Downloading https://repo.maven.apache.org/maven2/io/swagger/core/v3/swagger-core-jakarta/2.2.9/swagger-core-jakarta-2.2.9.jar to /Users/artinnouri/.gradle/.tmp/gradle_download3846018650341168642bin
Downloading https://repo.maven.apache.org/maven2/org/springdoc/springdoc-openapi-starter-webmvc-ui/2.1.0/springdoc-openapi-starter-webmvc-ui-2.1.0.jar to /Users/artinnouri/.gradle/.tmp/gradle_download12960571342393849532bin
Custom actions are attached to task ':compileJava'.
Caching disabled for task ':compileJava' because:
  Build cache is disabled
Task ':compileJava' is not up-to-date because:
  Output property 'destinationDirectory' file /Users/artinnouri/IdeaProjects/circular/circular-backend/build/classes/java/main has been removed.
  Output property 'destinationDirectory' file /Users/artinnouri/IdeaProjects/circular/circular-backend/build/classes/java/main/com has been removed.
  Output property 'destinationDirectory' file /Users/artinnouri/IdeaProjects/circular/circular-backend/build/classes/java/main/com/circular has been removed.
  and more...
The input changes require a full rebuild for incremental task ':compileJava'.
Compilation mode: default, forking compiler
Full recompilation is required because no incremental change information is available. This is usually caused by clean builds or changing compiler arguments.
Compiling with toolchain '/Library/Java/JavaVirtualMachines/jdk-17.0.12.jdk/Contents/Home'.
Starting process 'Gradle Worker Daemon 1'. Working directory: /Users/artinnouri/.gradle/workers Command: /Library/Java/JavaVirtualMachines/jdk-17.0.12.jdk/Contents/Home/bin/java --add-exports=jdk.compiler/com.sun.tools.javac.api=ALL-UNNAMED --add-exports=jdk.compiler/com.sun.tools.javac.util=ALL-UNNAMED @/Users/artinnouri/.gradle/.tmp/gradle-worker-classpath6780371373847728121txt -Xmx512m -Dfile.encoding=UTF-8 -Duser.country=DE -Duser.language=de -Duser.variant worker.org.gradle.process.internal.worker.GradleWorkerMain 'Gradle Worker Daemon 1'
Successfully started process 'Gradle Worker Daemon 1'
Started Gradle worker daemon (0.593 secs) with fork options DaemonForkOptions{executable=/Library/Java/JavaVirtualMachines/jdk-17.0.12.jdk/Contents/Home/bin/java, minHeapSize=null, maxHeapSize=null, jvmArgs=[--add-exports=jdk.compiler/com.sun.tools.javac.api=ALL-UNNAMED, --add-exports=jdk.compiler/com.sun.tools.javac.util=ALL-UNNAMED], keepAliveMode=DAEMON}.

This JVM does not support getting OS memory, so no OS memory status updates will be broadcast

> Task :compileJava
Compiling with JDK Java compiler API.
Class dependency analysis for incremental compilation took 0.016 secs.
Created classpath snapshot for incremental compilation in 0.227 secs.
Resolve mutations for :processResources (Thread[#152,Execution worker,5,main]) started.
:processResources (Thread[#152,Execution worker,5,main]) started.

> Task :processResources
Caching disabled for task ':processResources' because:
  Build cache is disabled
  Not worth caching
Task ':processResources' is not up-to-date because:
  Output property 'destinationDir' file /Users/artinnouri/IdeaProjects/circular/circular-backend/build/resources/main has been removed.
  Output property 'destinationDir' file /Users/artinnouri/IdeaProjects/circular/circular-backend/build/resources/main/application.properties has been removed.
  Output property 'destinationDir' file /Users/artinnouri/IdeaProjects/circular/circular-backend/build/resources/main/db has been removed.
  and more...
Resolve mutations for :classes (Thread[#152,Execution worker,5,main]) started.
:classes (Thread[#152,Execution worker,5,main]) started.

> Task :classes
Skipping task ':classes' as it has no actions.
Resolve mutations for :resolveMainClassName (Thread[#152,Execution worker,5,main]) started.
:resolveMainClassName (Thread[#152,Execution worker,5,main]) started.

> Task :resolveMainClassName
Caching disabled for task ':resolveMainClassName' because:
  Build cache is disabled
  Not worth caching
Task ':resolveMainClassName' is not up-to-date because:
  Output property 'outputFile' file /Users/artinnouri/IdeaProjects/circular/circular-backend/build/resolvedMainClassName has been removed.
Resolve mutations for :bootJar (Thread[#151,included builds,5,main]) started.
:bootJar (Thread[#151,included builds,5,main]) started.

> Task :bootJar
Excluding []
Caching disabled for task ':bootJar' because:
  Build cache is disabled
  Not worth caching
Task ':bootJar' is not up-to-date because:
  Value of input property 'resolvedDependencies.artifactIds' has changed for task ':bootJar'
Resolve mutations for :jar (Thread[#151,included builds,5,main]) started.
:jar (Thread[#151,included builds,5,main]) started.

> Task :jar
Caching disabled for task ':jar' because:
  Build cache is disabled
  Not worth caching
Task ':jar' is not up-to-date because:
  Output property 'archiveFile' file /Users/artinnouri/IdeaProjects/circular/circular-backend/build/libs/Circular-0.0.1-SNAPSHOT-plain.jar has been removed.
Resolve mutations for :assemble (Thread[#151,included builds,5,main]) started.
:assemble (Thread[#151,included builds,5,main]) started.

> Task :assemble
Skipping task ':assemble' as it has no actions.
Resolve mutations for :compileTestJava (Thread[#151,included builds,5,main]) started.
:compileTestJava (Thread[#151,included builds,5,main]) started.

> Task :compileTestJava
Custom actions are attached to task ':compileTestJava'.
Caching disabled for task ':compileTestJava' because:
  Build cache is disabled
Task ':compileTestJava' is not up-to-date because:
  Output property 'destinationDirectory' file /Users/artinnouri/IdeaProjects/circular/circular-backend/build/classes/java/test has been removed.
  Output property 'destinationDirectory' file /Users/artinnouri/IdeaProjects/circular/circular-backend/build/classes/java/test/com has been removed.
  Output property 'destinationDirectory' file /Users/artinnouri/IdeaProjects/circular/circular-backend/build/classes/java/test/com/circular has been removed.
  and more...
The input changes require a full rebuild for incremental task ':compileTestJava'.
Compilation mode: default, forking compiler
Full recompilation is required because no incremental change information is available. This is usually caused by clean builds or changing compiler arguments.
Compiling with toolchain '/Library/Java/JavaVirtualMachines/jdk-17.0.12.jdk/Contents/Home'.
Compiling with JDK Java compiler API.
Class dependency analysis for incremental compilation took 0.002 secs.
Created classpath snapshot for incremental compilation in 0.028 secs.
Resolve mutations for :processTestResources (Thread[#151,included builds,5,main]) started.
:processTestResources (Thread[#151,included builds,5,main]) started.

> Task :processTestResources
Caching disabled for task ':processTestResources' because:
  Build cache is disabled
  Not worth caching
Task ':processTestResources' is not up-to-date because:
  Output property 'destinationDir' file /Users/artinnouri/IdeaProjects/circular/circular-backend/build/resources/test has been removed.
  Output property 'destinationDir' file /Users/artinnouri/IdeaProjects/circular/circular-backend/build/resources/test/application.properties has been removed.
Resolve mutations for :testClasses (Thread[#151,included builds,5,main]) started.
:testClasses (Thread[#151,included builds,5,main]) started.

> Task :testClasses
Skipping task ':testClasses' as it has no actions.
Resolve mutations for :test (Thread[#151,included builds,5,main]) started.
:test (Thread[#151,included builds,5,main]) started.
Gradle Test Executor 2 started executing tests.

> Task :test
Caching disabled for task ':test' because:
  Build cache is disabled
Task ':test' is not up-to-date because:
  Value of input property 'filter.commandLineIncludePatterns' has changed for task ':test'
Starting process 'Gradle Test Executor 2'. Working directory: /Users/artinnouri/IdeaProjects/circular/circular-backend Command: /Library/Java/JavaVirtualMachines/jdk-17.0.12.jdk/Contents/Home/bin/java -Dorg.gradle.internal.worker.tmpdir=/Users/artinnouri/IdeaProjects/circular/circular-backend/build/tmp/test/work @/Users/artinnouri/.gradle/.tmp/gradle-worker-classpath16211868884739271949txt -Xmx512m -Dfile.encoding=UTF-8 -Duser.country=DE -Duser.language=de -Duser.variant -ea worker.org.gradle.process.internal.worker.GradleWorkerMain 'Gradle Test Executor 2'
Successfully started process 'Gradle Test Executor 2'

CircularApplicationTests STANDARD_OUT
    01:10:45.258 [Test worker] INFO org.springframework.test.context.support.AnnotationConfigContextLoaderUtils -- Could not detect default configuration classes for test class [com.circular.CircularApplicationTests]: CircularApplicationTests does not declare any static, non-private, non-final, nested classes annotated with @Configuration.
    01:10:45.402 [Test worker] INFO org.springframework.boot.test.context.SpringBootTestContextBootstrapper -- Found @SpringBootConfiguration com.circular.CircularApplication for test class com.circular.CircularApplicationTests

      .   ____          _            __ _ _
     /\\ / ___'_ __ _ _(_)_ __  __ _ \ \ \ \
    ( ( )\___ | '_ | '_| | '_ \/ _` | \ \ \ \
     \\/  ___)| |_)| | | | | || (_| |  ) ) ) )
      '  |____| .__|_| |_|_| |_\__, | / / / /
     =========|_|==============|___/=/_/_/_/

     :: Spring Boot ::                (v3.5.7)

    2025-11-30T01:10:46.030+01:00  INFO 11659 --- [Circular] [    Test worker] com.circular.CircularApplicationTests    : Starting CircularApplicationTests using Java 17.0.12 with PID 11659 (started by artinnouri in /Users/artinnouri/IdeaProjects/circular/circular-backend)
    2025-11-30T01:10:46.032+01:00  INFO 11659 --- [Circular] [    Test worker] com.circular.CircularApplicationTests    : No active profile set, falling back to 1 default profile: "default"
    2025-11-30T01:10:47.273+01:00  INFO 11659 --- [Circular] [    Test worker] .s.d.r.c.RepositoryConfigurationDelegate : Bootstrapping Spring Data JPA repositories in DEFAULT mode.
    2025-11-30T01:10:47.354+01:00  INFO 11659 --- [Circular] [    Test worker] .s.d.r.c.RepositoryConfigurationDelegate : Finished Spring Data repository scanning in 70 ms. Found 3 JPA repository interfaces.
    2025-11-30T01:10:48.435+01:00  INFO 11659 --- [Circular] [    Test worker] o.s.o.j.p.SpringPersistenceUnitInfo      : No LoadTimeWeaver setup: ignoring JPA class transformer
    2025-11-30T01:10:48.482+01:00  INFO 11659 --- [Circular] [    Test worker] com.zaxxer.hikari.HikariDataSource       : HikariPool-1 - Starting...
    2025-11-30T01:10:48.826+01:00  INFO 11659 --- [Circular] [    Test worker] com.zaxxer.hikari.pool.HikariPool        : HikariPool-1 - Added connection conn0: url=jdbc:h2:mem:testdb user=SA
    2025-11-30T01:10:48.831+01:00  INFO 11659 --- [Circular] [    Test worker] com.zaxxer.hikari.HikariDataSource       : HikariPool-1 - Start completed.
    2025-11-30T01:10:49.829+01:00  INFO 11659 --- [Circular] [    Test worker] j.LocalContainerEntityManagerFactoryBean : Initialized JPA EntityManagerFactory for persistence unit 'default'
    2025-11-30T01:10:50.605+01:00  WARN 11659 --- [Circular] [    Test worker] JpaBaseConfiguration$JpaWebConfiguration : spring.jpa.open-in-view is enabled by default. Therefore, database queries may be performed during view rendering. Explicitly configure spring.jpa.open-in-view to disable this warning
    2025-11-30T01:10:50.670+01:00  INFO 11659 --- [Circular] [    Test worker] o.s.v.b.OptionalValidatorFactoryBean     : Failed to set up a Bean Validation provider: jakarta.validation.NoProviderFoundException: Unable to create a Configuration, because no Jakarta Bean Validation provider could be found. Add a provider like Hibernate Validator (RI) to your classpath.
    2025-11-30T01:10:51.231+01:00  INFO 11659 --- [Circular] [    Test worker] com.circular.CircularApplicationTests    : Started CircularApplicationTests in 5.649 seconds (process running for 7.17)

Java HotSpot(TM) 64-Bit Server VM warning: Sharing is only supported for boot loader classes because bootstrap classpath has been appended

> Task :test

ArticleDetailIT STANDARD_OUT
    2025-11-30T01:10:51.731+01:00  INFO 11659 --- [Circular] [    Test worker] t.c.s.AnnotationConfigContextLoaderUtils : Could not detect default configuration classes for test class [com.circular.article.ArticleDetailIT]: ArticleDetailIT does not declare any static, non-private, non-final, nested classes annotated with @Configuration.
    2025-11-30T01:10:51.779+01:00  INFO 11659 --- [Circular] [    Test worker] .b.t.c.SpringBootTestContextBootstrapper : Found @SpringBootConfiguration com.circular.CircularApplication for test class com.circular.article.ArticleDetailIT

      .   ____          _            __ _ _
     /\\ / ___'_ __ _ _(_)_ __  __ _ \ \ \ \
    ( ( )\___ | '_ | '_| | '_ \/ _` | \ \ \ \
     \\/  ___)| |_)| | | | | || (_| |  ) ) ) )
      '  |____| .__|_| |_|_| |_\__, | / / / /
     =========|_|==============|___/=/_/_/_/

     :: Spring Boot ::                (v3.5.7)

    2025-11-30T01:10:51.845+01:00  INFO 11659 --- [Circular] [    Test worker] com.circular.article.ArticleDetailIT     : Starting ArticleDetailIT using Java 17.0.12 with PID 11659 (started by artinnouri in /Users/artinnouri/IdeaProjects/circular/circular-backend)
    2025-11-30T01:10:51.846+01:00  INFO 11659 --- [Circular] [    Test worker] com.circular.article.ArticleDetailIT     : The following 1 profile is active: "test"
    2025-11-30T01:10:52.302+01:00  INFO 11659 --- [Circular] [    Test worker] .s.d.r.c.RepositoryConfigurationDelegate : Bootstrapping Spring Data JPA repositories in DEFAULT mode.
    2025-11-30T01:10:52.339+01:00  INFO 11659 --- [Circular] [    Test worker] .s.d.r.c.RepositoryConfigurationDelegate : Finished Spring Data repository scanning in 32 ms. Found 3 JPA repository interfaces.
    2025-11-30T01:10:52.543+01:00  INFO 11659 --- [Circular] [    Test worker] o.s.o.j.p.SpringPersistenceUnitInfo      : No LoadTimeWeaver setup: ignoring JPA class transformer
    2025-11-30T01:10:52.546+01:00  INFO 11659 --- [Circular] [    Test worker] com.zaxxer.hikari.HikariDataSource       : HikariPool-2 - Starting...
    2025-11-30T01:10:52.550+01:00  INFO 11659 --- [Circular] [    Test worker] com.zaxxer.hikari.pool.HikariPool        : HikariPool-2 - Added connection conn10: url=jdbc:h2:mem:testdb user=SA
    2025-11-30T01:10:52.550+01:00  INFO 11659 --- [Circular] [    Test worker] com.zaxxer.hikari.HikariDataSource       : HikariPool-2 - Start completed.
    2025-11-30T01:10:52.676+01:00  INFO 11659 --- [Circular] [    Test worker] j.LocalContainerEntityManagerFactoryBean : Initialized JPA EntityManagerFactory for persistence unit 'default'
    2025-11-30T01:10:52.883+01:00  WARN 11659 --- [Circular] [    Test worker] JpaBaseConfiguration$JpaWebConfiguration : spring.jpa.open-in-view is enabled by default. Therefore, database queries may be performed during view rendering. Explicitly configure spring.jpa.open-in-view to disable this warning
    2025-11-30T01:10:52.907+01:00  INFO 11659 --- [Circular] [    Test worker] o.s.v.b.OptionalValidatorFactoryBean     : Failed to set up a Bean Validation provider: jakarta.validation.NoProviderFoundException: Unable to create a Configuration, because no Jakarta Bean Validation provider could be found. Add a provider like Hibernate Validator (RI) to your classpath.
    2025-11-30T01:10:53.135+01:00  INFO 11659 --- [Circular] [    Test worker] o.s.b.t.m.w.SpringBootMockServletContext : Initializing Spring TestDispatcherServlet ''
    2025-11-30T01:10:53.138+01:00  INFO 11659 --- [Circular] [    Test worker] o.s.t.web.servlet.TestDispatcherServlet  : Initializing Servlet ''
    2025-11-30T01:10:53.152+01:00  INFO 11659 --- [Circular] [    Test worker] o.s.t.web.servlet.TestDispatcherServlet  : Completed initialization in 2 ms
    2025-11-30T01:10:53.211+01:00  INFO 11659 --- [Circular] [    Test worker] com.circular.article.ArticleDetailIT     : Started ArticleDetailIT in 1.424 seconds (process running for 9.15)

ArticleRepositoryTest STANDARD_OUT
    2025-11-30T01:10:53.670+01:00  INFO 11659 --- [Circular] [    Test worker] t.c.s.AnnotationConfigContextLoaderUtils : Could not detect default configuration classes for test class [com.circular.article.ArticleRepositoryTest]: ArticleRepositoryTest does not declare any static, non-private, non-final, nested classes annotated with @Configuration.
    2025-11-30T01:10:53.703+01:00  INFO 11659 --- [Circular] [    Test worker] .b.t.c.SpringBootTestContextBootstrapper : Found @SpringBootConfiguration com.circular.CircularApplication for test class com.circular.article.ArticleRepositoryTest

      .   ____          _            __ _ _
     /\\ / ___'_ __ _ _(_)_ __  __ _ \ \ \ \
    ( ( )\___ | '_ | '_| | '_ \/ _` | \ \ \ \
     \\/  ___)| |_)| | | | | || (_| |  ) ) ) )
      '  |____| .__|_| |_|_| |_\__, | / / / /
     =========|_|==============|___/=/_/_/_/

     :: Spring Boot ::                (v3.5.7)

    2025-11-30T01:10:53.760+01:00  INFO 11659 --- [Circular] [    Test worker] c.c.article.ArticleRepositoryTest        : Starting ArticleRepositoryTest using Java 17.0.12 with PID 11659 (started by artinnouri in /Users/artinnouri/IdeaProjects/circular/circular-backend)
    2025-11-30T01:10:53.760+01:00  INFO 11659 --- [Circular] [    Test worker] c.c.article.ArticleRepositoryTest        : No active profile set, falling back to 1 default profile: "default"
    2025-11-30T01:10:53.902+01:00  INFO 11659 --- [Circular] [    Test worker] .s.d.r.c.RepositoryConfigurationDelegate : Bootstrapping Spring Data JPA repositories in DEFAULT mode.
    2025-11-30T01:10:53.919+01:00  INFO 11659 --- [Circular] [    Test worker] .s.d.r.c.RepositoryConfigurationDelegate : Finished Spring Data repository scanning in 12 ms. Found 3 JPA repository interfaces.
    2025-11-30T01:10:53.938+01:00  INFO 11659 --- [Circular] [    Test worker] beddedDataSourceBeanFactoryPostProcessor : Replacing 'dataSource' DataSource bean with embedded version
    2025-11-30T01:10:53.980+01:00  INFO 11659 --- [Circular] [    Test worker] o.s.j.d.e.EmbeddedDatabaseFactory        : Starting embedded database: url='jdbc:h2:mem:9d2dd96f-a013-470f-bcb6-b94a2a19be1e;DB_CLOSE_DELAY=-1;DB_CLOSE_ON_EXIT=false', username='sa'
    2025-11-30T01:10:54.036+01:00  INFO 11659 --- [Circular] [    Test worker] o.s.o.j.p.SpringPersistenceUnitInfo      : No LoadTimeWeaver setup: ignoring JPA class transformer
    Hibernate: drop table if exists article cascade 
    Hibernate: drop table if exists message cascade 
    Hibernate: drop table if exists profile cascade 
    Hibernate: drop sequence if exists message_seq
    Hibernate: drop sequence if exists profile_seq
    Hibernate: create sequence message_seq start with 1 increment by 1
    Hibernate: create sequence profile_seq start with 1 increment by 1
    Hibernate: create table article (available boolean, id bigint generated by default as identity, title varchar(500), summary varchar(1000), article_date varchar(255), author varchar(255), condition varchar(255), image varchar(255), link varchar(255), size varchar(255), type varchar(255), primary key (id))
    Hibernate: create table message (is_read boolean, created_at timestamp(6), id bigint not null, recipient_id bigint not null, sender_id bigint not null, content varchar(5000), primary key (id))
    Hibernate: create table profile (banned boolean, created_at timestamp(6), id bigint not null, bio varchar(2000), avatar_url varchar(255), display_name varchar(255), email varchar(255) not null unique, password_hash varchar(255) not null, username varchar(255) not null unique, primary key (id))
    2025-11-30T01:10:54.095+01:00  INFO 11659 --- [Circular] [    Test worker] j.LocalContainerEntityManagerFactoryBean : Initialized JPA EntityManagerFactory for persistence unit 'default'
    2025-11-30T01:10:54.185+01:00  INFO 11659 --- [Circular] [    Test worker] c.c.article.ArticleRepositoryTest        : Started ArticleRepositoryTest in 0.475 seconds (process running for 10.124)

ArticleRepositoryTest > saveAndFindById() STANDARD_OUT
    Hibernate: insert into article (author,available,condition,article_date,image,link,size,summary,title,type,id) values (?,?,?,?,?,?,?,?,?,?,default)

ArticleSearchIT STANDARD_OUT
    2025-11-30T01:10:54.223+01:00  INFO 11659 --- [Circular] [    Test worker] t.c.s.AnnotationConfigContextLoaderUtils : Could not detect default configuration classes for test class [com.circular.article.ArticleSearchIT]: ArticleSearchIT does not declare any static, non-private, non-final, nested classes annotated with @Configuration.
    2025-11-30T01:10:54.228+01:00  INFO 11659 --- [Circular] [    Test worker] .b.t.c.SpringBootTestContextBootstrapper : Found @SpringBootConfiguration com.circular.CircularApplication for test class com.circular.article.ArticleSearchIT

ArticleTextSearchIT STANDARD_OUT
    2025-11-30T01:10:54.283+01:00  INFO 11659 --- [Circular] [    Test worker] t.c.s.AnnotationConfigContextLoaderUtils : Could not detect default configuration classes for test class [com.circular.article.ArticleTextSearchIT]: ArticleTextSearchIT does not declare any static, non-private, non-final, nested classes annotated with @Configuration.
    2025-11-30T01:10:54.288+01:00  INFO 11659 --- [Circular] [    Test worker] .b.t.c.SpringBootTestContextBootstrapper : Found @SpringBootConfiguration com.circular.CircularApplication for test class com.circular.article.ArticleTextSearchIT

MessageControllerIT STANDARD_OUT
    2025-11-30T01:10:54.322+01:00  INFO 11659 --- [Circular] [    Test worker] t.c.s.AnnotationConfigContextLoaderUtils : Could not detect default configuration classes for test class [com.circular.message.MessageControllerIT]: MessageControllerIT does not declare any static, non-private, non-final, nested classes annotated with @Configuration.
    2025-11-30T01:10:54.336+01:00  INFO 11659 --- [Circular] [    Test worker] .b.t.c.SpringBootTestContextBootstrapper : Found @SpringBootConfiguration com.circular.CircularApplication for test class com.circular.message.MessageControllerIT

ProfileAdminIT STANDARD_OUT
    2025-11-30T01:10:54.390+01:00  INFO 11659 --- [Circular] [    Test worker] t.c.s.AnnotationConfigContextLoaderUtils : Could not detect default configuration classes for test class [com.circular.profile.ProfileAdminIT]: ProfileAdminIT does not declare any static, non-private, non-final, nested classes annotated with @Configuration.
    2025-11-30T01:10:54.399+01:00  INFO 11659 --- [Circular] [    Test worker] .b.t.c.SpringBootTestContextBootstrapper : Found @SpringBootConfiguration com.circular.CircularApplication for test class com.circular.profile.ProfileAdminIT

ProfileControllerIT STANDARD_OUT
    2025-11-30T01:10:54.868+01:00  INFO 11659 --- [Circular] [    Test worker] t.c.s.AnnotationConfigContextLoaderUtils : Could not detect default configuration classes for test class [com.circular.profile.ProfileControllerIT]: ProfileControllerIT does not declare any static, non-private, non-final, nested classes annotated with @Configuration.
    2025-11-30T01:10:54.876+01:00  INFO 11659 --- [Circular] [    Test worker] .b.t.c.SpringBootTestContextBootstrapper : Found @SpringBootConfiguration com.circular.CircularApplication for test class com.circular.profile.ProfileControllerIT

Gradle Test Executor 2 finished executing tests.
2025-11-30T01:10:55.437+01:00  INFO 11659 --- [Circular] [ionShutdownHook] j.LocalContainerEntityManagerFactoryBean : Closing JPA EntityManagerFactory for persistence unit 'default'
2025-11-30T01:10:55.442+01:00  INFO 11659 --- [Circular] [ionShutdownHook] com.zaxxer.hikari.HikariDataSource       : HikariPool-1 - Shutdown initiated...
2025-11-30T01:10:55.444+01:00  INFO 11659 --- [Circular] [ionShutdownHook] com.zaxxer.hikari.HikariDataSource       : HikariPool-1 - Shutdown completed.
2025-11-30T01:10:55.449+01:00  INFO 11659 --- [Circular] [ionShutdownHook] j.LocalContainerEntityManagerFactoryBean : Closing JPA EntityManagerFactory for persistence unit 'default'
2025-11-30T01:10:55.450+01:00  INFO 11659 --- [Circular] [ionShutdownHook] com.zaxxer.hikari.HikariDataSource       : HikariPool-2 - Shutdown initiated...
2025-11-30T01:10:55.450+01:00  INFO 11659 --- [Circular] [ionShutdownHook] com.zaxxer.hikari.HikariDataSource       : HikariPool-2 - Shutdown completed.
2025-11-30T01:10:55.456+01:00  INFO 11659 --- [Circular] [ionShutdownHook] j.LocalContainerEntityManagerFactoryBean : Closing JPA EntityManagerFactory for persistence unit 'default'
Hibernate: drop table if exists article cascade 
Hibernate: drop table if exists message cascade 
Hibernate: drop table if exists profile cascade 
Hibernate: drop sequence if exists message_seq
Hibernate: drop sequence if exists profile_seq

> Task :test
Finished generating test XML results (0.01 secs) into: /Users/artinnouri/IdeaProjects/circular/circular-backend/build/test-results/test
Generating HTML test report...
Finished generating test html results (0.012 secs) into: /Users/artinnouri/IdeaProjects/circular/circular-backend/build/reports/tests/test
Resolve mutations for :check (Thread[#151,included builds,5,main]) started.
:check (Thread[#151,included builds,5,main]) started.

> Task :check
Skipping task ':check' as it has no actions.
Resolve mutations for :build (Thread[#151,included builds,5,main]) started.
:build (Thread[#151,included builds,5,main]) started.

> Task :build
Skipping task ':build' as it has no actions.

BUILD SUCCESSFUL in 35s
9 actionable tasks: 9 executed
Watched directory hierarchies: [/Users/artinnouri/IdeaProjects/circular/circular-backend]
